<?xml version="1.0" encoding="UTF-8"?>
<testsuite name="MysteryWordTest" tests="1" skipped="0" failures="0" errors="0" timestamp="2016-04-22T15:16:57" hostname="epicodus-44.local" time="0.002">
  <properties/>
  <testcase name="calculateScore_returnsRockPaper" classname="MysteryWordTest" time="0.002"/>
  <system-out><![CDATA[]]></system-out>
  <system-err><![CDATA[]]></system-err>
</testsuite>
