<?xml version="1.0" encoding="UTF-8"?>
<testsuite name="MysteryWordTest" tests="5" skipped="0" failures="0" errors="0" timestamp="2016-04-22T15:26:58" hostname="epicodus-44.local" time="0.002">
  <properties/>
  <testcase name="letterReplace_testForAE" classname="MysteryWordTest" time="0.001"/>
  <testcase name="letterReplace_testForA" classname="MysteryWordTest" time="0.0"/>
  <testcase name="letterReplace_testForI" classname="MysteryWordTest" time="0.0"/>
  <testcase name="letterReplace_testForO" classname="MysteryWordTest" time="0.0"/>
  <testcase name="letterReplace_testForU" classname="MysteryWordTest" time="0.0"/>
  <system-out><![CDATA[]]></system-out>
  <system-err><![CDATA[]]></system-err>
</testsuite>
