<?xml version="1.0" encoding="UTF-8"?>
<testsuite name="MysteryPuzzleTest" tests="8" skipped="0" failures="0" errors="0" timestamp="2016-04-22T21:04:11" hostname="epicodus-44.local" time="0.003">
  <properties/>
  <testcase name="letterReplace_testForAE" classname="MysteryPuzzleTest" time="0.002"/>
  <testcase name="letterReplace_testFortesttrue" classname="MysteryPuzzleTest" time="0.0"/>
  <testcase name="letterReplace_testForA" classname="MysteryPuzzleTest" time="0.0"/>
  <testcase name="letterReplace_testForI" classname="MysteryPuzzleTest" time="0.0"/>
  <testcase name="letterReplace_testForO" classname="MysteryPuzzleTest" time="0.001"/>
  <testcase name="letterReplace_testForU" classname="MysteryPuzzleTest" time="0.0"/>
  <testcase name="letterReplace_hint" classname="MysteryPuzzleTest" time="0.0"/>
  <testcase name="letterReplace_testForAllAndCaps" classname="MysteryPuzzleTest" time="0.0"/>
  <system-out><![CDATA[]]></system-out>
  <system-err><![CDATA[]]></system-err>
</testsuite>
