<?xml version="1.0" encoding="UTF-8"?>
<testsuite name="MysteryPuzzleTest" tests="13" skipped="0" failures="0" errors="0" timestamp="2016-04-22T23:29:41" hostname="epicodus-44.local" time="0.481">
  <properties/>
  <testcase name="letterReplace_testForAE" classname="MysteryPuzzleTest" time="0.003"/>
  <testcase name="detectorResultIsWorking" classname="MysteryPuzzleTest" time="0.339"/>
  <testcase name="rootTest" classname="MysteryPuzzleTest" time="0.009"/>
  <testcase name="detectorIsWorking" classname="MysteryPuzzleTest" time="0.019"/>
  <testcase name="letterReplace_testForA" classname="MysteryPuzzleTest" time="0.0"/>
  <testcase name="letterReplace_testForI" classname="MysteryPuzzleTest" time="0.001"/>
  <testcase name="letterReplace_testForO" classname="MysteryPuzzleTest" time="0.0"/>
  <testcase name="letterReplace_testForU" classname="MysteryPuzzleTest" time="0.0"/>
  <testcase name="hintWorking" classname="MysteryPuzzleTest" time="0.042"/>
  <testcase name="detectorResultIsFailing" classname="MysteryPuzzleTest" time="0.023"/>
  <testcase name="hint_hint" classname="MysteryPuzzleTest" time="0.0"/>
  <testcase name="testTrue_testFortesttrue" classname="MysteryPuzzleTest" time="0.001"/>
  <testcase name="letterReplace_testForAllAndCaps" classname="MysteryPuzzleTest" time="0.001"/>
  <system-out><![CDATA[]]></system-out>
  <system-err><![CDATA[[Thread-4] INFO org.eclipse.jetty.util.log - Logging initialized @534ms
[Thread-4] INFO spark.webserver.JettySparkServer - == Spark has ignited ...
[Thread-4] INFO spark.webserver.JettySparkServer - >> Listening on 0.0.0.0:4567
[Thread-4] INFO org.eclipse.jetty.server.Server - jetty-9.3.2.v20150730
[Thread-4] INFO org.eclipse.jetty.server.ServerConnector - Started ServerConnector@23d40b32{HTTP/1.1,[http/1.1]}{0.0.0.0:4567}
[Thread-4] INFO org.eclipse.jetty.server.Server - Started @638ms
[Test worker] INFO spark.webserver.JettySparkServer - >>> Spark shutting down ...
[Test worker] INFO org.eclipse.jetty.server.ServerConnector - Stopped ServerConnector@23d40b32{HTTP/1.1,[http/1.1]}{0.0.0.0:4567}
[Test worker] INFO spark.webserver.JettySparkServer - done
]]></system-err>
</testsuite>
